(c) Copyright IBM Corporation 1993,2007
Command Line Processor for DB2 Client 11.5.4.0

You can issue database manager commands and SQL statements from the command 
prompt. For example:
    db2 => connect to sample
    db2 => bind sample.bnd

For general help, type: ?.
For command help, type: ? command, where command can be
the first few keywords of a database manager command. For example:
 ? CATALOG DATABASE for help on the CATALOG DATABASE command
 ? CATALOG          for help on all of the CATALOG commands.

To exit db2 interactive mode, type QUIT at the command prompt. Outside 
interactive mode, all commands must be prefixed with 'db2'.
To list the current command option settings, type LIST COMMAND OPTIONS.

For more detailed help, refer to the Online Reference Manual.

db2 => db2 => db2 => db2 => db2 => CONNECT TO cs421

   Database Connection Information

 Database server        = DB2/LINUXX8664 11.5.4.0
 SQL authorization ID   = AIZADI
 Local database alias   = CS421


db2 => db2 => db2 => db2 => db2 => db2 => db2 => db2 (cont.) => db2 (cont.) => db2 (cont.) => db2 (cont.) => db2 (cont.) => CREATE TABLE Category ( cname       VARCHAR(200) NOT NULL, prioritynum INTEGER, PRIMARY KEY (cname) )
DB20000I  The SQL command completed successfully.

db2 => db2 => db2 (cont.) => db2 (cont.) => db2 (cont.) => db2 (cont.) => db2 (cont.) => db2 (cont.) => db2 (cont.) => db2 (cont.) => db2 (cont.) => db2 (cont.) => db2 (cont.) => db2 (cont.) => db2 (cont.) => db2 (cont.) => CREATE TABLE Person ( hinsurnum VARCHAR(200) NOT NULL, name       VARCHAR(200), gender     VARCHAR(200), dob        DATE, phone      VARCHAR(10), city       VARCHAR(200), postalcd   VARCHAR(10), streetaddr VARCHAR(200), regdate    DATE, cname      VARCHAR(20), PRIMARY KEY (hinsurnum), FOREIGN KEY (cname) REFERENCES Category )
DB20000I  The SQL command completed successfully.

db2 => db2 => db2 (cont.) => db2 (cont.) => db2 (cont.) => db2 (cont.) => db2 (cont.) => db2 (cont.) => CREATE TABLE Vaccine ( vname      VARCHAR(200) NOT NULL, waitperiod INT, dose       INT, PRIMARY KEY (vname) )
DB20000I  The SQL command completed successfully.

db2 => db2 => db2 (cont.) => db2 (cont.) => db2 (cont.) => db2 (cont.) => db2 (cont.) => db2 (cont.) => db2 (cont.) => CREATE TABLE VaccLocation ( locname     VARCHAR(200) NOT NULL, lcity       VARCHAR(200), lpostalcd   VARCHAR(10), lstreetaddr VARCHAR(200), PRIMARY KEY (locname) )
DB20000I  The SQL command completed successfully.

db2 => db2 => db2 (cont.) => db2 (cont.) => db2 (cont.) => db2 (cont.) => db2 (cont.) => db2 (cont.) => db2 (cont.) => db2 (cont.) => db2 (cont.) => db2 (cont.) => db2 (cont.) => CREATE TABLE VaccineBatch ( vname     VARCHAR(200) NOT NULL, batchno   INT          NOT NULL, mfgdate   DATE, exprydate DATE, numdoses  INT, locname   VARCHAR(200), PRIMARY KEY (vname, batchno), FOREIGN KEY (vname) REFERENCES Vaccine, FOREIGN KEY (locname) REFERENCES VaccLocation )
DB20000I  The SQL command completed successfully.

db2 => db2 => db2 (cont.) => db2 (cont.) => db2 (cont.) => db2 (cont.) => db2 (cont.) => db2 (cont.) => db2 (cont.) => CREATE TABLE Vial ( vname   VARCHAR(200) NOT NULL, batchno INT          NOT NULL, vialid  VARCHAR(100) NOT NULL, PRIMARY KEY (vname, batchno, vialid), FOREIGN KEY (vname, batchno) references VaccineBatch )
DB20000I  The SQL command completed successfully.

db2 => db2 => db2 (cont.) => db2 (cont.) => db2 (cont.) => db2 (cont.) => db2 (cont.) => CREATE TABLE Hospital ( locname VARCHAR(200) NOT NULL, PRIMARY KEY (locname), FOREIGN KEY (locname) REFERENCES VaccLocation )
DB20000I  The SQL command completed successfully.

db2 => db2 => db2 (cont.) => db2 (cont.) => db2 (cont.) => db2 (cont.) => db2 (cont.) => db2 (cont.) => db2 (cont.) => CREATE TABLE Nurse ( licensenum INT NOT NULL, name       VARCHAR(100), locname    VARCHAR(200), PRIMARY KEY (licensenum), FOREIGN KEY (locname) REFERENCES Hospital )
DB20000I  The SQL command completed successfully.

db2 => db2 => db2 (cont.) => db2 (cont.) => db2 (cont.) => db2 (cont.) => db2 (cont.) => db2 (cont.) => CREATE TABLE VaccDates ( locname VARCHAR(200) NOT NULL, vdate   DATE         NOT NULL, PRIMARY KEY (locname, vdate), FOREIGN KEY (locname) REFERENCES VaccLocation )
DB20000I  The SQL command completed successfully.

db2 => db2 => db2 (cont.) => db2 (cont.) => db2 (cont.) => db2 (cont.) => db2 (cont.) => db2 (cont.) => db2 (cont.) => db2 (cont.) => db2 (cont.) => db2 (cont.) => db2 (cont.) => db2 (cont.) => db2 (cont.) => db2 (cont.) => db2 (cont.) => db2 (cont.) => db2 (cont.) => CREATE TABLE VaccSlot ( locname    VARCHAR(200) NOT NULL, vdate      DATE         NOT NULL, vtime      TIME         NOT NULL, vslot      INT          NOT NULL, hinsurnum VARCHAR(200), asgndate   DATE, licensenum INT, vname      VARCHAR(200), batchno    INT, vialid     VARCHAR(100), PRIMARY KEY (locname, vdate, vtime, vslot), FOREIGN KEY (locname, vdate) REFERENCES VaccDates, FOREIGN KEY (licensenum) REFERENCES Nurse, FOREIGN KEY (hinsurnum) REFERENCES Person, FOREIGN KEY (vname, batchno, vialid) REFERENCES Vial )
DB20000I  The SQL command completed successfully.

db2 => db2 => db2 (cont.) => db2 (cont.) => db2 (cont.) => db2 (cont.) => db2 (cont.) => db2 (cont.) => db2 (cont.) => db2 (cont.) => CREATE TABLE NurseAssignments ( licensenum INT          NOT NULL, locname    VARCHAR(200) NOT NULL, vdate      DATE         NOT NULL, PRIMARY KEY (licensenum, locname, vdate), FOREIGN KEY (licensenum) REFERENCES Nurse, FOREIGN KEY (locname, vdate) references VaccDates )
DB20000I  The SQL command completed successfully.

db2 => 